C:\OPENFRAMEWORKS\APPS\MYAPPS\GAME\OBJ\DEBUG\ANIMATION.OBJ
C:\OPENFRAMEWORKS\APPS\MYAPPS\GAME\OBJ\DEBUG\OFIMAGEEXT.OBJ
C:\OPENFRAMEWORKS\APPS\MYAPPS\GAME\OBJ\DEBUG\MAIN.OBJ
C:\OPENFRAMEWORKS\APPS\MYAPPS\GAME\OBJ\DEBUG\OFAPP.OBJ
C:\OPENFRAMEWORKS\APPS\MYAPPS\GAME\OBJ\DEBUG\CHAO.OBJ
C:\OPENFRAMEWORKS\APPS\MYAPPS\GAME\OBJ\DEBUG\VC110.PDB
C:\OPENFRAMEWORKS\APPS\MYAPPS\GAME\OBJ\DEBUG\BACKGROUND.OBJ
C:\OPENFRAMEWORKS\APPS\MYAPPS\GAME\OBJ\DEBUG\DIRTPATCH.OBJ
C:\openFrameworks\apps\myApps\game\bin\game_debug.lib
C:\openFrameworks\apps\myApps\game\bin\game_debug.exp
C:\OPENFRAMEWORKS\APPS\MYAPPS\GAME\BIN\GAME_DEBUG.ILK
C:\OPENFRAMEWORKS\APPS\MYAPPS\GAME\BIN\GAME_DEBUG.EXE
C:\OPENFRAMEWORKS\APPS\MYAPPS\GAME\BIN\GAME_DEBUG.PDB
C:\OPENFRAMEWORKS\APPS\MYAPPS\GAME\OBJ\DEBUG\ICON.RES
C:\openFrameworks\apps\myApps\game\obj\Debug\game.vcxprojResolveAssemblyReference.cache
C:\openFrameworks\apps\myApps\game\obj\Debug\Animation.obj
C:\openFrameworks\apps\myApps\game\obj\Debug\Chao.obj
C:\openFrameworks\apps\myApps\game\obj\Debug\DirtPatch.obj
C:\openFrameworks\apps\myApps\game\obj\Debug\ofImageExt.obj
C:\openFrameworks\apps\myApps\game\obj\Debug\cl.command.1.tlog
C:\openFrameworks\apps\myApps\game\obj\Debug\CL.read.1.tlog
C:\openFrameworks\apps\myApps\game\obj\Debug\CL.write.1.tlog
C:\openFrameworks\apps\myApps\game\obj\Debug\game.write.1.tlog
C:\openFrameworks\apps\myApps\game\obj\Debug\link-cvtres.read.1.tlog
C:\openFrameworks\apps\myApps\game\obj\Debug\link-cvtres.write.1.tlog
C:\openFrameworks\apps\myApps\game\obj\Debug\link-rc.read.1.tlog
C:\openFrameworks\apps\myApps\game\obj\Debug\link-rc.write.1.tlog
C:\openFrameworks\apps\myApps\game\obj\Debug\link.1156-cvtres.read.1.tlog
C:\openFrameworks\apps\myApps\game\obj\Debug\link.1156-cvtres.write.1.tlog
C:\openFrameworks\apps\myApps\game\obj\Debug\link.1156-rc.read.1.tlog
C:\openFrameworks\apps\myApps\game\obj\Debug\link.1156-rc.write.1.tlog
C:\openFrameworks\apps\myApps\game\obj\Debug\link.1156.read.1.tlog
C:\openFrameworks\apps\myApps\game\obj\Debug\link.1156.write.1.tlog
C:\openFrameworks\apps\myApps\game\obj\Debug\link.3212-cvtres.read.1.tlog
C:\openFrameworks\apps\myApps\game\obj\Debug\link.3212-cvtres.write.1.tlog
C:\openFrameworks\apps\myApps\game\obj\Debug\link.3212-rc.read.1.tlog
C:\openFrameworks\apps\myApps\game\obj\Debug\link.3212-rc.write.1.tlog
C:\openFrameworks\apps\myApps\game\obj\Debug\link.3212.read.1.tlog
C:\openFrameworks\apps\myApps\game\obj\Debug\link.3212.write.1.tlog
C:\openFrameworks\apps\myApps\game\obj\Debug\link.3536-cvtres.read.1.tlog
C:\openFrameworks\apps\myApps\game\obj\Debug\link.3536-cvtres.write.1.tlog
C:\openFrameworks\apps\myApps\game\obj\Debug\link.3536-rc.read.1.tlog
C:\openFrameworks\apps\myApps\game\obj\Debug\link.3536-rc.write.1.tlog
C:\openFrameworks\apps\myApps\game\obj\Debug\link.3536.read.1.tlog
C:\openFrameworks\apps\myApps\game\obj\Debug\link.3536.write.1.tlog
C:\openFrameworks\apps\myApps\game\obj\Debug\link.3648-cvtres.read.1.tlog
C:\openFrameworks\apps\myApps\game\obj\Debug\link.3648-cvtres.write.1.tlog
C:\openFrameworks\apps\myApps\game\obj\Debug\link.3648-rc.read.1.tlog
C:\openFrameworks\apps\myApps\game\obj\Debug\link.3648-rc.write.1.tlog
C:\openFrameworks\apps\myApps\game\obj\Debug\link.3648.read.1.tlog
C:\openFrameworks\apps\myApps\game\obj\Debug\link.3648.write.1.tlog
C:\openFrameworks\apps\myApps\game\obj\Debug\link.4180-cvtres.read.1.tlog
C:\openFrameworks\apps\myApps\game\obj\Debug\link.4180-cvtres.write.1.tlog
C:\openFrameworks\apps\myApps\game\obj\Debug\link.4180-rc.read.1.tlog
C:\openFrameworks\apps\myApps\game\obj\Debug\link.4180-rc.write.1.tlog
C:\openFrameworks\apps\myApps\game\obj\Debug\link.4180.read.1.tlog
C:\openFrameworks\apps\myApps\game\obj\Debug\link.4180.write.1.tlog
C:\openFrameworks\apps\myApps\game\obj\Debug\link.5176-cvtres.read.1.tlog
C:\openFrameworks\apps\myApps\game\obj\Debug\link.5176-cvtres.write.1.tlog
C:\openFrameworks\apps\myApps\game\obj\Debug\link.5176-rc.read.1.tlog
C:\openFrameworks\apps\myApps\game\obj\Debug\link.5176-rc.write.1.tlog
C:\openFrameworks\apps\myApps\game\obj\Debug\link.5176.read.1.tlog
C:\openFrameworks\apps\myApps\game\obj\Debug\link.5176.write.1.tlog
C:\openFrameworks\apps\myApps\game\obj\Debug\link.6156-cvtres.read.1.tlog
C:\openFrameworks\apps\myApps\game\obj\Debug\link.6156-cvtres.write.1.tlog
C:\openFrameworks\apps\myApps\game\obj\Debug\link.6156-rc.read.1.tlog
C:\openFrameworks\apps\myApps\game\obj\Debug\link.6156-rc.write.1.tlog
C:\openFrameworks\apps\myApps\game\obj\Debug\link.6156.read.1.tlog
C:\openFrameworks\apps\myApps\game\obj\Debug\link.6156.write.1.tlog
C:\openFrameworks\apps\myApps\game\obj\Debug\link.6172-cvtres.read.1.tlog
C:\openFrameworks\apps\myApps\game\obj\Debug\link.6172-cvtres.write.1.tlog
C:\openFrameworks\apps\myApps\game\obj\Debug\link.6172-rc.read.1.tlog
C:\openFrameworks\apps\myApps\game\obj\Debug\link.6172-rc.write.1.tlog
C:\openFrameworks\apps\myApps\game\obj\Debug\link.6172.read.1.tlog
C:\openFrameworks\apps\myApps\game\obj\Debug\link.6172.write.1.tlog
C:\openFrameworks\apps\myApps\game\obj\Debug\link.6784-cvtres.read.1.tlog
C:\openFrameworks\apps\myApps\game\obj\Debug\link.6784-cvtres.write.1.tlog
C:\openFrameworks\apps\myApps\game\obj\Debug\link.6784-rc.read.1.tlog
C:\openFrameworks\apps\myApps\game\obj\Debug\link.6784-rc.write.1.tlog
C:\openFrameworks\apps\myApps\game\obj\Debug\link.6784.read.1.tlog
C:\openFrameworks\apps\myApps\game\obj\Debug\link.6784.write.1.tlog
C:\openFrameworks\apps\myApps\game\obj\Debug\link.6972-cvtres.read.1.tlog
C:\openFrameworks\apps\myApps\game\obj\Debug\link.6972-cvtres.write.1.tlog
C:\openFrameworks\apps\myApps\game\obj\Debug\link.6972-rc.read.1.tlog
C:\openFrameworks\apps\myApps\game\obj\Debug\link.6972-rc.write.1.tlog
C:\openFrameworks\apps\myApps\game\obj\Debug\link.6972.read.1.tlog
C:\openFrameworks\apps\myApps\game\obj\Debug\link.6972.write.1.tlog
C:\openFrameworks\apps\myApps\game\obj\Debug\link.7096-cvtres.read.1.tlog
C:\openFrameworks\apps\myApps\game\obj\Debug\link.7096-cvtres.write.1.tlog
C:\openFrameworks\apps\myApps\game\obj\Debug\link.7096-rc.read.1.tlog
C:\openFrameworks\apps\myApps\game\obj\Debug\link.7096-rc.write.1.tlog
C:\openFrameworks\apps\myApps\game\obj\Debug\link.7096.read.1.tlog
C:\openFrameworks\apps\myApps\game\obj\Debug\link.7096.write.1.tlog
C:\openFrameworks\apps\myApps\game\obj\Debug\link.7160-cvtres.read.1.tlog
C:\openFrameworks\apps\myApps\game\obj\Debug\link.7160-cvtres.write.1.tlog
C:\openFrameworks\apps\myApps\game\obj\Debug\link.7160-rc.read.1.tlog
C:\openFrameworks\apps\myApps\game\obj\Debug\link.7160-rc.write.1.tlog
C:\openFrameworks\apps\myApps\game\obj\Debug\link.7160.read.1.tlog
C:\openFrameworks\apps\myApps\game\obj\Debug\link.7160.write.1.tlog
C:\openFrameworks\apps\myApps\game\obj\Debug\link.7508-cvtres.read.1.tlog
C:\openFrameworks\apps\myApps\game\obj\Debug\link.7508-cvtres.write.1.tlog
C:\openFrameworks\apps\myApps\game\obj\Debug\link.7508-rc.read.1.tlog
C:\openFrameworks\apps\myApps\game\obj\Debug\link.7508-rc.write.1.tlog
C:\openFrameworks\apps\myApps\game\obj\Debug\link.7508.read.1.tlog
C:\openFrameworks\apps\myApps\game\obj\Debug\link.7508.write.1.tlog
C:\openFrameworks\apps\myApps\game\obj\Debug\link.7524-cvtres.read.1.tlog
C:\openFrameworks\apps\myApps\game\obj\Debug\link.7524-cvtres.write.1.tlog
C:\openFrameworks\apps\myApps\game\obj\Debug\link.7524-rc.read.1.tlog
C:\openFrameworks\apps\myApps\game\obj\Debug\link.7524-rc.write.1.tlog
C:\openFrameworks\apps\myApps\game\obj\Debug\link.7524.read.1.tlog
C:\openFrameworks\apps\myApps\game\obj\Debug\link.7524.write.1.tlog
C:\openFrameworks\apps\myApps\game\obj\Debug\link.8064-cvtres.read.1.tlog
C:\openFrameworks\apps\myApps\game\obj\Debug\link.8064-cvtres.write.1.tlog
C:\openFrameworks\apps\myApps\game\obj\Debug\link.8064-rc.read.1.tlog
C:\openFrameworks\apps\myApps\game\obj\Debug\link.8064-rc.write.1.tlog
C:\openFrameworks\apps\myApps\game\obj\Debug\link.8064.read.1.tlog
C:\openFrameworks\apps\myApps\game\obj\Debug\link.8064.write.1.tlog
C:\openFrameworks\apps\myApps\game\obj\Debug\link.command.1.tlog
C:\openFrameworks\apps\myApps\game\obj\Debug\link.read.1.tlog
C:\openFrameworks\apps\myApps\game\obj\Debug\link.write.1.tlog
C:\openFrameworks\apps\myApps\game\obj\Debug\rc.command.1.tlog
C:\openFrameworks\apps\myApps\game\obj\Debug\rc.read.1.tlog
C:\openFrameworks\apps\myApps\game\obj\Debug\rc.write.1.tlog
C:\openFrameworks\apps\myApps\game\obj\Debug\icon.res
C:\openFrameworks\apps\myApps\game\obj\Debug\vc110.idb
C:\openFrameworks\apps\myApps\game\obj\Debug\vc110.pdb
C:\openFrameworks\apps\myApps\game\bin\game_debug.exe
